<?xml version="1.0" encoding="utf-8"?><testsuites name="pytest tests"><testsuite name="pytest" errors="0" failures="0" skipped="0" tests="16" time="2.670" timestamp="2026-05-26T10:45:35.581327+00:00" hostname="agent-env-4de9ee36-e717-471f-941b-c74967c5d428"><testcase classname="backend.tests.test_paperloop_api.TestHealth" name="test_root_ok" time="0.255" /><testcase classname="backend.tests.test_paperloop_api.TestDocuments" name="test_upload_returns_metadata" time="0.080" /><testcase classname="backend.tests.test_paperloop_api.TestDocuments" name="test_list_documents_contains_uploaded" time="0.050" /><testcase classname="backend.tests.test_paperloop_api.TestDocuments" name="test_document_summary" time="0.052" /><testcase classname="backend.tests.test_paperloop_api.TestDocuments" name="test_summary_404_for_missing" time="0.047" /><testcase classname="backend.tests.test_paperloop_api.TestDocuments" name="test_delete_document_lifecycle" time="0.140" /><testcase classname="backend.tests.test_paperloop_api.TestDocuments" name="test_delete_unknown_returns_404" time="0.046" /><testcase classname="backend.tests.test_paperloop_api.TestSessions" name="test_create_session" time="0.049" /><testcase classname="backend.tests.test_paperloop_api.TestSessions" name="test_list_sessions_contains" time="0.046" /><testcase classname="backend.tests.test_paperloop_api.TestSessions" name="test_rename_session" time="0.093" /><testcase classname="backend.tests.test_paperloop_api.TestSessions" name="test_rename_unknown_returns_404" time="0.047" /><testcase classname="backend.tests.test_paperloop_api.TestSessions" name="test_list_messages_empty_then" time="0.045" /><testcase classname="backend.tests.test_paperloop_api.TestChat" name="test_chat_returns_assistant_with_citations" time="0.047" /><testcase classname="backend.tests.test_paperloop_api.TestChat" name="test_messages_persisted_after_chat" time="0.045" /><testcase classname="backend.tests.test_paperloop_api.TestChat" name="test_chat_stream_sse_events" time="1.164" /><testcase classname="backend.tests.test_paperloop_api.TestSearch" name="test_search_returns_chunks" time="0.230" /></testsuite></testsuites>